Command line:
   Instruction_MEM_isim_beh.exe
     -simmode  gui
     -simrunnum  0
     -socket  51192

Tue Nov 28 21:17:11 2017


 Elaboration Time: 0.109375 sec

 Current Memory Usage: 846.164 Meg

 Total Signals          : 14
 Total Nets             : 77
 Total Signal Drivers   : 6
 Total Blocks           : 2
 Total Primitive Blocks : 2
 Total Processes        : 9
 Total Traceable Variables  : 21
 Total Scalar Nets and Variables : 2245
Total Line Count : 45

 Total Simulation Time: 0.109375 sec

 Current Memory Usage: 846.164 Meg

Tue Nov 28 21:17:20 2017

