Command line:
   topLevelModule_isim_beh.exe
     -simmode  gui
     -simrunnum  0
     -socket  49810

Tue Nov 28 13:28:06 2017


 Elaboration Time: 0.0625 sec

 Current Memory Usage: 846.795 Meg

 Total Signals          : 173
 Total Nets             : 569
 Total Signal Drivers   : 45
 Total Blocks           : 26
 Total Primitive Blocks : 20
 Total Processes        : 72
 Total Traceable Variables  : 72
 Total Scalar Nets and Variables : 5954
Total Line Count : 272

 Total Simulation Time: 0.09375 sec

 Current Memory Usage: 846.795 Meg

Tue Nov 28 13:28:11 2017

