--------------------------------------------------------------------------------
Release 14.7 Trace  (nt)
Copyright (c) 1995-2013 Xilinx, Inc.  All rights reserved.

C:\Xilinx\14.7\ISE_DS\ISE\bin\nt\unwrapped\trce.exe -intstyle ise -v 3 -s 3 -n
3 -fastpaths -xml Main.twx Main.ncd -o Main.twr Main.pcf -ucf Main.ucf

Design file:              Main.ncd
Physical constraint file: Main.pcf
Device,package,speed:     xc6slx16,csg324,C,-3 (PRODUCTION 1.23 2013-10-13)
Report level:             verbose report

Environment Variable      Effect 
--------------------      ------ 
NONE                      No environment variables were set
--------------------------------------------------------------------------------

INFO:Timing:3412 - To improve timing, see the Timing Closure User Guide (UG612).
INFO:Timing:2752 - To get complete path coverage, use the unconstrained paths 
   option. All paths that are not constrained will be reported in the 
   unconstrained paths section(s) of the report.
INFO:Timing:3339 - The clock-to-out numbers in this timing report are based on 
   a 50 Ohm transmission line loading model.  For the details of this model, 
   and for more information on accounting for different loading conditions, 
   please see the device datasheet.

================================================================================
Timing constraint: TS_sys_clk_pin = PERIOD TIMEGRP "sys_clk_pin" 25 MHz HIGH 
50%;
For more information, see Period Analysis in the Timing Closure User Guide (UG612).

 1 path analyzed, 1 endpoint analyzed, 0 failing endpoints
 0 timing errors detected. (0 setup errors, 0 hold errors, 0 component switching limit errors)
 Minimum period is   1.730ns.
--------------------------------------------------------------------------------

Paths for end point vgaClk/divcounter_0 (SLICE_X18Y33.D6), 1 path
--------------------------------------------------------------------------------
Slack (setup path):     39.102ns (requirement - (data path - clock path skew + uncertainty))
  Source:               vgaClk/divcounter_0 (FF)
  Destination:          vgaClk/divcounter_0 (FF)
  Requirement:          40.000ns
  Data Path Delay:      0.863ns (Levels of Logic = 1)
  Clock Path Skew:      0.000ns
  Source Clock:         gen_clk_BUFGP rising at 0.000ns
  Destination Clock:    gen_clk_BUFGP rising at 40.000ns
  Clock Uncertainty:    0.035ns

  Clock Uncertainty:          0.035ns  ((TSJ^2 + TIJ^2)^1/2 + DJ) / 2 + PE
    Total System Jitter (TSJ):  0.070ns
    Total Input Jitter (TIJ):   0.000ns
    Discrete Jitter (DJ):       0.000ns
    Phase Error (PE):           0.000ns

  Maximum Data Path at Slow Process Corner: vgaClk/divcounter_0 to vgaClk/divcounter_0
    Location             Delay type         Delay(ns)  Physical Resource
                                                       Logical Resource(s)
    -------------------------------------------------  -------------------
    SLICE_X18Y33.DQ      Tcko                  0.447   vgaClk/divcounter_0
                                                       vgaClk/divcounter_0
    SLICE_X18Y33.D6      net (fanout=2)        0.127   vgaClk/divcounter_0
    SLICE_X18Y33.CLK     Tas                   0.289   vgaClk/divcounter_0
                                                       vgaClk/Mcount_divcounter_0_xor<0>11_INV_0
                                                       vgaClk/divcounter_0
    -------------------------------------------------  ---------------------------
    Total                                      0.863ns (0.736ns logic, 0.127ns route)
                                                       (85.3% logic, 14.7% route)

--------------------------------------------------------------------------------

Hold Paths: TS_sys_clk_pin = PERIOD TIMEGRP "sys_clk_pin" 25 MHz HIGH 50%;
--------------------------------------------------------------------------------

Paths for end point vgaClk/divcounter_0 (SLICE_X18Y33.D6), 1 path
--------------------------------------------------------------------------------
Slack (hold path):      0.456ns (requirement - (clock path skew + uncertainty - data path))
  Source:               vgaClk/divcounter_0 (FF)
  Destination:          vgaClk/divcounter_0 (FF)
  Requirement:          0.000ns
  Data Path Delay:      0.456ns (Levels of Logic = 1)
  Clock Path Skew:      0.000ns
  Source Clock:         gen_clk_BUFGP rising at 40.000ns
  Destination Clock:    gen_clk_BUFGP rising at 40.000ns
  Clock Uncertainty:    0.000ns

  Minimum Data Path at Fast Process Corner: vgaClk/divcounter_0 to vgaClk/divcounter_0
    Location             Delay type         Delay(ns)  Physical Resource
                                                       Logical Resource(s)
    -------------------------------------------------  -------------------
    SLICE_X18Y33.DQ      Tcko                  0.234   vgaClk/divcounter_0
                                                       vgaClk/divcounter_0
    SLICE_X18Y33.D6      net (fanout=2)        0.025   vgaClk/divcounter_0
    SLICE_X18Y33.CLK     Tah         (-Th)    -0.197   vgaClk/divcounter_0
                                                       vgaClk/Mcount_divcounter_0_xor<0>11_INV_0
                                                       vgaClk/divcounter_0
    -------------------------------------------------  ---------------------------
    Total                                      0.456ns (0.431ns logic, 0.025ns route)
                                                       (94.5% logic, 5.5% route)

--------------------------------------------------------------------------------

Component Switching Limit Checks: TS_sys_clk_pin = PERIOD TIMEGRP "sys_clk_pin" 25 MHz HIGH 50%;
--------------------------------------------------------------------------------
Slack: 38.270ns (period - min period limit)
  Period: 40.000ns
  Min period limit: 1.730ns (578.035MHz) (Tbcper_I)
  Physical resource: gen_clk_BUFGP/BUFG/I0
  Logical resource: gen_clk_BUFGP/BUFG/I0
  Location pin: BUFGMUX_X3Y13.I0
  Clock network: gen_clk_BUFGP/IBUFG
--------------------------------------------------------------------------------
Slack: 39.595ns (period - min period limit)
  Period: 40.000ns
  Min period limit: 0.405ns (2469.136MHz) (Tcp)
  Physical resource: vgaClk/divcounter_0/CLK
  Logical resource: vgaClk/divcounter_0/CK
  Location pin: SLICE_X18Y33.CLK
  Clock network: gen_clk_BUFGP
--------------------------------------------------------------------------------


All constraints were met.


Data Sheet report:
-----------------
All values displayed in nanoseconds (ns)

Clock to Setup on destination clock gen_clk
---------------+---------+---------+---------+---------+
               | Src:Rise| Src:Fall| Src:Rise| Src:Fall|
Source Clock   |Dest:Rise|Dest:Rise|Dest:Fall|Dest:Fall|
---------------+---------+---------+---------+---------+
gen_clk        |    0.898|         |         |         |
---------------+---------+---------+---------+---------+


Timing summary:
---------------

Timing errors: 0  Score: 0  (Setup/Max: 0, Hold: 0)

Constraints cover 1 paths, 0 nets, and 3 connections

Design statistics:
   Minimum period:   1.730ns{1}   (Maximum frequency: 578.035MHz)


------------------------------------Footnotes-----------------------------------
1)  The minimum period statistic assumes all single cycle delays.

Analysis completed Sat Nov 25 19:27:51 2017 
--------------------------------------------------------------------------------

Trace Settings:
-------------------------
Trace Settings 

Peak Memory Usage: 177 MB



