Release 14.7 - xst P.20131013 (nt)
Copyright (c) 1995-2013 Xilinx, Inc.  All rights reserved.
--> Parameter TMPDIR set to xst/projnav.tmp


Total REAL time to Xst completion: 0.00 secs
Total CPU time to Xst completion: 0.11 secs
 
--> Parameter xsthdpdir set to xst


Total REAL time to Xst completion: 0.00 secs
Total CPU time to Xst completion: 0.11 secs
 
--> Reading design: decoder.prj

TABLE OF CONTENTS
  1) Synthesis Options Summary
  2) HDL Parsing
  3) HDL Elaboration
  4) HDL Synthesis
       4.1) HDL Synthesis Report
  5) Advanced HDL Synthesis
       5.1) Advanced HDL Synthesis Report
  6) Low Level Synthesis
  7) Partition Report
  8) Design Summary
       8.1) Primitive and Black Box Usage
       8.2) Device utilization summary
       8.3) Partition Resource Summary
       8.4) Timing Report
            8.4.1) Clock Information
            8.4.2) Asynchronous Control Signals Information
            8.4.3) Timing Summary
            8.4.4) Timing Details
            8.4.5) Cross Clock Domains Report


=========================================================================
*                      Synthesis Options Summary                        *
=========================================================================
---- Source Parameters
Input File Name                    : "decoder.prj"
Ignore Synthesis Constraint File   : NO

---- Target Parameters
Output File Name                   : "decoder"
Output Format                      : NGC
Target Device                      : xc6slx16-3-csg324

---- Source Options
Top Module Name                    : decoder
Automatic FSM Extraction           : YES
FSM Encoding Algorithm             : Auto
Safe Implementation                : No
FSM Style                          : LUT
RAM Extraction                     : Yes
RAM Style                          : Auto
ROM Extraction                     : Yes
Shift Register Extraction          : YES
ROM Style                          : Auto
Resource Sharing                   : YES
Asynchronous To Synchronous        : NO
Shift Register Minimum Size        : 2
Use DSP Block                      : Auto
Automatic Register Balancing       : No

---- Target Options
LUT Combining                      : Auto
Reduce Control Sets                : Auto
Add IO Buffers                     : YES
Global Maximum Fanout              : 100000
Add Generic Clock Buffer(BUFG)     : 16
Register Duplication               : YES
Optimize Instantiated Primitives   : NO
Use Clock Enable                   : Auto
Use Synchronous Set                : Auto
Use Synchronous Reset              : Auto
Pack IO Registers into IOBs        : Auto
Equivalent register Removal        : YES

---- General Options
Optimization Goal                  : Speed
Optimization Effort                : 1
Power Reduction                    : NO
Keep Hierarchy                     : No
Netlist Hierarchy                  : As_Optimized
RTL Output                         : Yes
Global Optimization                : AllClockNets
Read Cores                         : YES
Write Timing Constraints           : NO
Cross Clock Analysis               : NO
Hierarchy Separator                : /
Bus Delimiter                      : <>
Case Specifier                     : Maintain
Slice Utilization Ratio            : 100
BRAM Utilization Ratio             : 100
DSP48 Utilization Ratio            : 100
Auto BRAM Packing                  : NO
Slice Utilization Ratio Delta      : 5

=========================================================================


=========================================================================
*                          HDL Parsing                                  *
=========================================================================
Analyzing Verilog file "C:\Users\Andres Vargas\Documents\Verilog Projects\microProcessor\microProcessor\principalDecoder.v" into library work
Parsing module <principalDecoder>.
Analyzing Verilog file "C:\Users\Andres Vargas\Documents\Verilog Projects\microProcessor\microProcessor\pc_decoder.v" into library work
Parsing module <pc_decoder>.
Analyzing Verilog file "C:\Users\Andres Vargas\Documents\Verilog Projects\microProcessor\microProcessor\decode_alu.v" into library work
Parsing module <decode_alu>.
Analyzing Verilog file "C:\Users\Andres Vargas\Documents\Verilog Projects\microProcessor\microProcessor\decoder.v" into library work
Parsing module <decoder>.

=========================================================================
*                            HDL Elaboration                            *
=========================================================================

Elaborating module <decoder>.

Elaborating module <principalDecoder>.

Elaborating module <decode_alu>.

Elaborating module <pc_decoder>.

=========================================================================
*                           HDL Synthesis                               *
=========================================================================

Synthesizing Unit <decoder>.
    Related source file is "C:\Users\Andres Vargas\Documents\Verilog Projects\microProcessor\microProcessor\decoder.v".
    Summary:
	no macro.
Unit <decoder> synthesized.

Synthesizing Unit <principalDecoder>.
    Related source file is "C:\Users\Andres Vargas\Documents\Verilog Projects\microProcessor\microProcessor\principalDecoder.v".
WARNING:Xst:737 - Found 1-bit latch for signal <ALUSrc>. Latches may be generated from incomplete case or if statements. We do not recommend the use of latches in FPGA/CPLD designs, as they may lead to timing problems.
WARNING:Xst:737 - Found 1-bit latch for signal <ALUOp>. Latches may be generated from incomplete case or if statements. We do not recommend the use of latches in FPGA/CPLD designs, as they may lead to timing problems.
WARNING:Xst:737 - Found 1-bit latch for signal <RegWR>. Latches may be generated from incomplete case or if statements. We do not recommend the use of latches in FPGA/CPLD designs, as they may lead to timing problems.
WARNING:Xst:737 - Found 1-bit latch for signal <MemWR>. Latches may be generated from incomplete case or if statements. We do not recommend the use of latches in FPGA/CPLD designs, as they may lead to timing problems.
WARNING:Xst:737 - Found 1-bit latch for signal <InmSrc<1>>. Latches may be generated from incomplete case or if statements. We do not recommend the use of latches in FPGA/CPLD designs, as they may lead to timing problems.
WARNING:Xst:737 - Found 1-bit latch for signal <InmSrc<0>>. Latches may be generated from incomplete case or if statements. We do not recommend the use of latches in FPGA/CPLD designs, as they may lead to timing problems.
WARNING:Xst:737 - Found 1-bit latch for signal <RegSrc<1>>. Latches may be generated from incomplete case or if statements. We do not recommend the use of latches in FPGA/CPLD designs, as they may lead to timing problems.
WARNING:Xst:737 - Found 1-bit latch for signal <MemtoReg>. Latches may be generated from incomplete case or if statements. We do not recommend the use of latches in FPGA/CPLD designs, as they may lead to timing problems.
    Summary:
	inferred   8 Latch(s).
	inferred   3 Multiplexer(s).
Unit <principalDecoder> synthesized.

Synthesizing Unit <decode_alu>.
    Related source file is "C:\Users\Andres Vargas\Documents\Verilog Projects\microProcessor\microProcessor\decode_alu.v".
WARNING:Xst:737 - Found 1-bit latch for signal <ALUControl<0>>. Latches may be generated from incomplete case or if statements. We do not recommend the use of latches in FPGA/CPLD designs, as they may lead to timing problems.
WARNING:Xst:737 - Found 1-bit latch for signal <ALUControl<1>>. Latches may be generated from incomplete case or if statements. We do not recommend the use of latches in FPGA/CPLD designs, as they may lead to timing problems.
    Summary:
	inferred   2 Latch(s).
	inferred   1 Multiplexer(s).
Unit <decode_alu> synthesized.

Synthesizing Unit <pc_decoder>.
    Related source file is "C:\Users\Andres Vargas\Documents\Verilog Projects\microProcessor\microProcessor\pc_decoder.v".
    Summary:
	no macro.
Unit <pc_decoder> synthesized.

=========================================================================
HDL Synthesis Report

Macro Statistics
# Latches                                              : 10
 1-bit latch                                           : 10
# Multiplexers                                         : 4
 1-bit 2-to-1 multiplexer                              : 3
 2-bit 2-to-1 multiplexer                              : 1

=========================================================================

=========================================================================
*                       Advanced HDL Synthesis                          *
=========================================================================


=========================================================================
Advanced HDL Synthesis Report

Macro Statistics
# Multiplexers                                         : 2
 1-bit 2-to-1 multiplexer                              : 2

=========================================================================

=========================================================================
*                         Low Level Synthesis                           *
=========================================================================
INFO:Xst:2261 - The FF/Latch <RegSrc_1> in Unit <principalDecoder> is equivalent to the following FF/Latch, which will be removed : <MemWR> 

Optimizing unit <decoder> ...

Optimizing unit <principalDecoder> ...

Optimizing unit <decode_alu> ...

Mapping all equations...
Building and optimizing final netlist ...
Found area constraint ratio of 100 (+ 5) on block decoder, actual ratio is 0.
Latch aluMain/ALUControl_1 has been replicated 1 time(s) to handle iob=true attribute.
Latch decoMain/InmSrc_1 has been replicated 2 time(s) to handle iob=true attribute.
Latch decoMain/RegSrc_1 has been replicated 1 time(s) to handle iob=true attribute.
Latch decoMain/RegWR has been replicated 1 time(s) to handle iob=true attribute.

Final Macro Processing ...

=========================================================================
Final Register Report

Found no macro
=========================================================================

=========================================================================
*                           Partition Report                            *
=========================================================================

Partition Implementation Status
-------------------------------

  No Partitions were found in this design.

-------------------------------

=========================================================================
*                            Design Summary                             *
=========================================================================

Top Level Output File Name         : decoder.ngc

Primitive and Black Box Usage:
------------------------------
# BELS                             : 15
#      INV                         : 1
#      LUT2                        : 6
#      LUT3                        : 3
#      LUT4                        : 3
#      LUT6                        : 2
# FlipFlops/Latches                : 14
#      LD                          : 11
#      LDC                         : 3
# IO Buffers                       : 25
#      IBUF                        : 12
#      OBUF                        : 13

Device utilization summary:
---------------------------

Selected Device : 6slx16csg324-3 


Slice Logic Utilization: 
 Number of Slice Registers:               4  out of  18224     0%  
 Number of Slice LUTs:                   15  out of   9112     0%  
    Number used as Logic:                15  out of   9112     0%  

Slice Logic Distribution: 
 Number of LUT Flip Flop pairs used:     15
   Number with an unused Flip Flop:      11  out of     15    73%  
   Number with an unused LUT:             0  out of     15     0%  
   Number of fully used LUT-FF pairs:     4  out of     15    26%  
   Number of unique control sets:         3

IO Utilization: 
 Number of IOs:                          25
 Number of bonded IOBs:                  25  out of    232    10%  
    IOB Flip Flops/Latches:              10

Specific Feature Utilization:

---------------------------
Partition Resource Summary:
---------------------------

  No Partitions were found in this design.

---------------------------


=========================================================================
Timing Report

NOTE: THESE TIMING NUMBERS ARE ONLY A SYNTHESIS ESTIMATE.
      FOR ACCURATE TIMING INFORMATION PLEASE REFER TO THE TRACE REPORT
      GENERATED AFTER PLACE-and-ROUTE.

Clock Information:
------------------
-----------------------------------------+------------------------------+-------+
Clock Signal                             | Clock buffer(FF name)        | Load  |
-----------------------------------------+------------------------------+-------+
decoMain/_n0033<4>(decoMain/_n0033<4>1:O)| NONE(*)(decoMain/RegSrc_1)   | 10    |
decoMain/_n0033<1>(decoMain/_n0033<1>1:O)| NONE(*)(decoMain/MemtoReg)   | 1     |
aluMain/_n0035(aluMain/out1:O)           | NONE(*)(aluMain/ALUControl_1)| 3     |
-----------------------------------------+------------------------------+-------+
(*) These 3 clock signal(s) are generated by combinatorial logic,
and XST is not able to identify which are the primary clock signals.
Please use the CLOCK_SIGNAL constraint to specify the clock signal(s) generated by combinatorial logic.
INFO:Xst:2169 - HDL ADVISOR - Some clock signals were not automatically buffered by XST with BUFG/BUFR resources. Please use the buffer_type constraint in order to insert these buffers to the clock signals to help prevent skew problems.

Asynchronous Control Signals Information:
----------------------------------------
No asynchronous control signals found in this design

Timing Summary:
---------------
Speed Grade: -3

   Minimum period: No path found
   Minimum input arrival time before clock: 2.495ns
   Maximum output required time after clock: 5.756ns
   Maximum combinational path delay: 6.412ns

Timing Details:
---------------
All values displayed in nanoseconds (ns)

=========================================================================
Timing constraint: Default OFFSET IN BEFORE for Clock 'decoMain/_n0033<4>'
  Total number of paths / destination ports: 25 / 10
-------------------------------------------------------------------------
Offset:              2.495ns (Levels of Logic = 2)
  Source:            Op<1> (PAD)
  Destination:       decoMain/RegWR (LATCH)
  Destination Clock: decoMain/_n0033<4> falling

  Data Path: Op<1> to decoMain/RegWR
                                Gate     Net
    Cell:in->out      fanout   Delay   Delay  Logical Name (Net Name)
    ----------------------------------------  ------------
     IBUF:I->O             8   1.222   1.031  Op_1_IBUF (Op_1_IBUF)
     LUT3:I0->O            2   0.205   0.000  decoMain/Op[1]_RegWR_Mux_15_o1 (decoMain/Op[1]_RegWR_Mux_15_o)
     LD:D                      0.037          decoMain/RegWR
    ----------------------------------------
    Total                      2.495ns (1.464ns logic, 1.031ns route)
                                       (58.7% logic, 41.3% route)

=========================================================================
Timing constraint: Default OFFSET IN BEFORE for Clock 'decoMain/_n0033<1>'
  Total number of paths / destination ports: 2 / 1
-------------------------------------------------------------------------
Offset:              2.369ns (Levels of Logic = 2)
  Source:            Op<1> (PAD)
  Destination:       decoMain/MemtoReg (LATCH)
  Destination Clock: decoMain/_n0033<1> falling

  Data Path: Op<1> to decoMain/MemtoReg
                                Gate     Net
    Cell:in->out      fanout   Delay   Delay  Logical Name (Net Name)
    ----------------------------------------  ------------
     IBUF:I->O             8   1.222   0.907  Op_1_IBUF (Op_1_IBUF)
     LUT2:I0->O            2   0.203   0.000  decoMain/_n0056<1>1 (decoMain/_n0056)
     LD:D                      0.037          decoMain/MemtoReg
    ----------------------------------------
    Total                      2.369ns (1.462ns logic, 0.907ns route)
                                       (61.7% logic, 38.3% route)

=========================================================================
Timing constraint: Default OFFSET IN BEFORE for Clock 'aluMain/_n0035'
  Total number of paths / destination ports: 12 / 3
-------------------------------------------------------------------------
Offset:              2.393ns (Levels of Logic = 2)
  Source:            Funct<1> (PAD)
  Destination:       aluMain/ALUControl_1 (LATCH)
  Destination Clock: aluMain/_n0035 falling

  Data Path: Funct<1> to aluMain/ALUControl_1
                                Gate     Net
    Cell:in->out      fanout   Delay   Delay  Logical Name (Net Name)
    ----------------------------------------  ------------
     IBUF:I->O             4   1.222   0.931  Funct_1_IBUF (Funct_1_IBUF)
     LUT4:I0->O            1   0.203   0.000  aluMain/cmd[3]_GND_13_o_Select_14_o1 (aluMain/cmd[3]_GND_13_o_Select_14_o)
     LDC:D                     0.037          aluMain/ALUControl_0
    ----------------------------------------
    Total                      2.393ns (1.462ns logic, 0.931ns route)
                                       (61.1% logic, 38.9% route)

=========================================================================
Timing constraint: Default OFFSET OUT AFTER for Clock 'aluMain/_n0035'
  Total number of paths / destination ports: 3 / 3
-------------------------------------------------------------------------
Offset:              4.775ns (Levels of Logic = 2)
  Source:            aluMain/ALUControl_1 (LATCH)
  Destination:       Flagw<0> (PAD)
  Source Clock:      aluMain/_n0035 falling

  Data Path: aluMain/ALUControl_1 to Flagw<0>
                                Gate     Net
    Cell:in->out      fanout   Delay   Delay  Logical Name (Net Name)
    ----------------------------------------  ------------
     LDC:G->Q              1   0.498   0.924  aluMain/ALUControl_1 (aluMain/ALUControl_1)
     LUT6:I1->O            1   0.203   0.579  aluMain/Mmux_Flagw1 (Flagw_0_OBUF)
     OBUF:I->O                 2.571          Flagw_0_OBUF (Flagw<0>)
    ----------------------------------------
    Total                      4.775ns (3.272ns logic, 1.503ns route)
                                       (68.5% logic, 31.5% route)

=========================================================================
Timing constraint: Default OFFSET OUT AFTER for Clock 'decoMain/_n0033<4>'
  Total number of paths / destination ports: 11 / 10
-------------------------------------------------------------------------
Offset:              5.756ns (Levels of Logic = 3)
  Source:            decoMain/ALUOp (LATCH)
  Destination:       Flagw<0> (PAD)
  Source Clock:      decoMain/_n0033<4> falling

  Data Path: decoMain/ALUOp to Flagw<0>
                                Gate     Net
    Cell:in->out      fanout   Delay   Delay  Logical Name (Net Name)
    ----------------------------------------  ------------
     LD:G->Q               2   0.498   0.721  decoMain/ALUOp (decoMain/ALUOp)
     LUT2:I0->O            2   0.203   0.981  aluMain/Mmux_Flagw21 (Flagw_1_OBUF)
     LUT6:I0->O            1   0.203   0.579  aluMain/Mmux_Flagw1 (Flagw_0_OBUF)
     OBUF:I->O                 2.571          Flagw_0_OBUF (Flagw<0>)
    ----------------------------------------
    Total                      5.756ns (3.475ns logic, 2.281ns route)
                                       (60.4% logic, 39.6% route)

=========================================================================
Timing constraint: Default OFFSET OUT AFTER for Clock 'decoMain/_n0033<1>'
  Total number of paths / destination ports: 1 / 1
-------------------------------------------------------------------------
Offset:              3.648ns (Levels of Logic = 1)
  Source:            decoMain/MemtoReg (LATCH)
  Destination:       MemtoReg (PAD)
  Source Clock:      decoMain/_n0033<1> falling

  Data Path: decoMain/MemtoReg to MemtoReg
                                Gate     Net
    Cell:in->out      fanout   Delay   Delay  Logical Name (Net Name)
    ----------------------------------------  ------------
     LD:G->Q               1   0.498   0.579  decoMain/MemtoReg (decoMain/MemtoReg)
     OBUF:I->O                 2.571          MemtoReg_OBUF (MemtoReg)
    ----------------------------------------
    Total                      3.648ns (3.069ns logic, 0.579ns route)
                                       (84.1% logic, 15.9% route)

=========================================================================
Timing constraint: Default path analysis
  Total number of paths / destination ports: 10 / 3
-------------------------------------------------------------------------
Delay:               6.412ns (Levels of Logic = 4)
  Source:            Funct<0> (PAD)
  Destination:       Flagw<0> (PAD)

  Data Path: Funct<0> to Flagw<0>
                                Gate     Net
    Cell:in->out      fanout   Delay   Delay  Logical Name (Net Name)
    ----------------------------------------  ------------
     IBUF:I->O             3   1.222   0.651  Funct_0_IBUF (Funct_0_IBUF)
     LUT2:I1->O            2   0.205   0.981  aluMain/Mmux_Flagw21 (Flagw_1_OBUF)
     LUT6:I0->O            1   0.203   0.579  aluMain/Mmux_Flagw1 (Flagw_0_OBUF)
     OBUF:I->O                 2.571          Flagw_0_OBUF (Flagw<0>)
    ----------------------------------------
    Total                      6.412ns (4.201ns logic, 2.211ns route)
                                       (65.5% logic, 34.5% route)

=========================================================================

Cross Clock Domains Report:
--------------------------

Clock to Setup on destination clock aluMain/_n0035
------------------+---------+---------+---------+---------+
                  | Src:Rise| Src:Fall| Src:Rise| Src:Fall|
Source Clock      |Dest:Rise|Dest:Rise|Dest:Fall|Dest:Fall|
------------------+---------+---------+---------+---------+
decoMain/_n0033<4>|         |         |    2.401|         |
------------------+---------+---------+---------+---------+

=========================================================================


Total REAL time to Xst completion: 7.00 secs
Total CPU time to Xst completion: 7.11 secs
 
--> 

Total memory usage is 244796 kilobytes

Number of errors   :    0 (   0 filtered)
Number of warnings :   10 (   0 filtered)
Number of infos    :    2 (   0 filtered)

