Release 14.7 - xst P.20131013 (nt)
Copyright (c) 1995-2013 Xilinx, Inc.  All rights reserved.
--> Parameter TMPDIR set to xst/projnav.tmp


Total REAL time to Xst completion: 0.00 secs
Total CPU time to Xst completion: 0.10 secs
 
--> Parameter xsthdpdir set to xst


Total REAL time to Xst completion: 0.00 secs
Total CPU time to Xst completion: 0.10 secs
 
--> Reading design: topLevelModule.prj

TABLE OF CONTENTS
  1) Synthesis Options Summary
  2) HDL Parsing
  3) HDL Elaboration
  4) HDL Synthesis
       4.1) HDL Synthesis Report
  5) Advanced HDL Synthesis
       5.1) Advanced HDL Synthesis Report
  6) Low Level Synthesis
  7) Partition Report
  8) Design Summary
       8.1) Primitive and Black Box Usage
       8.2) Device utilization summary
       8.3) Partition Resource Summary
       8.4) Timing Report
            8.4.1) Clock Information
            8.4.2) Asynchronous Control Signals Information
            8.4.3) Timing Summary
            8.4.4) Timing Details
            8.4.5) Cross Clock Domains Report


=========================================================================
*                      Synthesis Options Summary                        *
=========================================================================
---- Source Parameters
Input File Name                    : "topLevelModule.prj"
Ignore Synthesis Constraint File   : NO

---- Target Parameters
Output File Name                   : "topLevelModule"
Output Format                      : NGC
Target Device                      : xc6slx16-3-csg324

---- Source Options
Top Module Name                    : topLevelModule
Automatic FSM Extraction           : YES
FSM Encoding Algorithm             : Auto
Safe Implementation                : No
FSM Style                          : LUT
RAM Extraction                     : Yes
RAM Style                          : Auto
ROM Extraction                     : Yes
Shift Register Extraction          : YES
ROM Style                          : Auto
Resource Sharing                   : YES
Asynchronous To Synchronous        : NO
Shift Register Minimum Size        : 2
Use DSP Block                      : Auto
Automatic Register Balancing       : No

---- Target Options
LUT Combining                      : Auto
Reduce Control Sets                : Auto
Add IO Buffers                     : YES
Global Maximum Fanout              : 100000
Add Generic Clock Buffer(BUFG)     : 16
Register Duplication               : YES
Optimize Instantiated Primitives   : NO
Use Clock Enable                   : Auto
Use Synchronous Set                : Auto
Use Synchronous Reset              : Auto
Pack IO Registers into IOBs        : Auto
Equivalent register Removal        : YES

---- General Options
Optimization Goal                  : Speed
Optimization Effort                : 1
Power Reduction                    : NO
Keep Hierarchy                     : No
Netlist Hierarchy                  : As_Optimized
RTL Output                         : Yes
Global Optimization                : AllClockNets
Read Cores                         : YES
Write Timing Constraints           : NO
Cross Clock Analysis               : NO
Hierarchy Separator                : /
Bus Delimiter                      : <>
Case Specifier                     : Maintain
Slice Utilization Ratio            : 100
BRAM Utilization Ratio             : 100
DSP48 Utilization Ratio            : 100
Auto BRAM Packing                  : NO
Slice Utilization Ratio Delta      : 5

=========================================================================


=========================================================================
*                          HDL Parsing                                  *
=========================================================================
Analyzing Verilog file "C:\Users\Andres Vargas\Documents\Verilog Projects\microProcessor\microProcessor\principalDecoder.v" into library work
Parsing module <principalDecoder>.
Analyzing Verilog file "C:\Users\Andres Vargas\Documents\Verilog Projects\microProcessor\microProcessor\pc_decoder.v" into library work
Parsing module <pc_decoder>.
Analyzing Verilog file "C:\Users\Andres Vargas\Documents\Verilog Projects\microProcessor\microProcessor\flipflopEN.v" into library work
Parsing module <flipflopEN>.
Analyzing Verilog file "C:\Users\Andres Vargas\Documents\Verilog Projects\microProcessor\microProcessor\decode_alu.v" into library work
Parsing module <decode_alu>.
Analyzing Verilog file "C:\Users\Andres Vargas\Documents\Verilog Projects\microProcessor\microProcessor\conditionals.v" into library work
Parsing module <conditionals>.
Analyzing Verilog file "C:\Users\Andres Vargas\Documents\Verilog Projects\microProcessor\microProcessor\registerFile.v" into library work
Parsing module <registerFile>.
Analyzing Verilog file "C:\Users\Andres Vargas\Documents\Verilog Projects\microProcessor\microProcessor\Mux.v" into library work
Parsing module <Mux>.
Analyzing Verilog file "C:\Users\Andres Vargas\Documents\Verilog Projects\microProcessor\microProcessor\logicControl.v" into library work
Parsing module <logicControl>.
Analyzing Verilog file "C:\Users\Andres Vargas\Documents\Verilog Projects\microProcessor\microProcessor\InmExtension.v" into library work
Parsing module <InmExtension>.
Analyzing Verilog file "C:\Users\Andres Vargas\Documents\Verilog Projects\microProcessor\microProcessor\flip-flop.v" into library work
Parsing module <flipflop>.
Analyzing Verilog file "C:\Users\Andres Vargas\Documents\Verilog Projects\microProcessor\microProcessor\decoder.v" into library work
Parsing module <decoder>.
Analyzing Verilog file "C:\Users\Andres Vargas\Documents\Verilog Projects\microProcessor\microProcessor\ALU.v" into library work
Parsing module <ALU>.
Analyzing Verilog file "C:\Users\Andres Vargas\Documents\Verilog Projects\microProcessor\microProcessor\adder.v" into library work
Parsing module <adder>.
Analyzing Verilog file "C:\Users\Andres Vargas\Documents\Verilog Projects\microProcessor\microProcessor\fullController.v" into library work
Parsing module <fullController>.
Analyzing Verilog file "C:\Users\Andres Vargas\Documents\Verilog Projects\microProcessor\microProcessor\dataPath.v" into library work
Parsing module <dataPath>.
Analyzing Verilog file "C:\Users\Andres Vargas\Documents\Verilog Projects\microProcessor\microProcessor\Instruction_mem.v" into library work
Parsing module <Instruction_MEM>.
Analyzing Verilog file "C:\Users\Andres Vargas\Documents\Verilog Projects\microProcessor\microProcessor\data_mem.v" into library work
Parsing module <data_mem>.
Analyzing Verilog file "C:\Users\Andres Vargas\Documents\Verilog Projects\microProcessor\microProcessor\ARM.v" into library work
Parsing module <ARM>.
Analyzing Verilog file "C:\Users\Andres Vargas\Documents\Verilog Projects\microProcessor\microProcessor\topLevelModule.v" into library work
Parsing module <topLevelModule>.
WARNING:HDLCompiler:751 - "C:\Users\Andres Vargas\Documents\Verilog Projects\microProcessor\microProcessor\topLevelModule.v" Line 24: Redeclaration of ansi port ReadData is not allowed

=========================================================================
*                            HDL Elaboration                            *
=========================================================================

Elaborating module <topLevelModule>.
WARNING:HDLCompiler:1127 - "C:\Users\Andres Vargas\Documents\Verilog Projects\microProcessor\microProcessor\topLevelModule.v" Line 28: Assignment to LED ignored, since the identifier is never used

Elaborating module <Instruction_MEM>.
WARNING:HDLCompiler:91 - "C:\Users\Andres Vargas\Documents\Verilog Projects\microProcessor\microProcessor\Instruction_mem.v" Line 57: Signal <RAM> missing in the sensitivity list is added for synthesis purposes. HDL and post-synthesis simulations may differ as a result.

Elaborating module <ARM>.

Elaborating module <fullController>.

Elaborating module <decoder>.

Elaborating module <principalDecoder>.

Elaborating module <decode_alu>.

Elaborating module <pc_decoder>.

Elaborating module <logicControl>.

Elaborating module <flipflopEN(WIDTH=2)>.

Elaborating module <conditionals>.

Elaborating module <dataPath>.

Elaborating module <Mux(WIDTH=32)>.

Elaborating module <flipflop(WIDTH=32)>.

Elaborating module <adder(WIDTH=32)>.

Elaborating module <Mux(WIDTH=4)>.

Elaborating module <registerFile>.

Elaborating module <InmExtension>.

Elaborating module <ALU>.
WARNING:HDLCompiler:189 - "C:\Users\Andres Vargas\Documents\Verilog Projects\microProcessor\microProcessor\topLevelModule.v" Line 39: Size mismatch in connection of port <ALUResult>. Formal port size is 32-bit while actual signal size is 1-bit.
WARNING:HDLCompiler:1127 - "C:\Users\Andres Vargas\Documents\Verilog Projects\microProcessor\microProcessor\topLevelModule.v" Line 39: Assignment to ALUResult ignored, since the identifier is never used

Elaborating module <data_mem>.
WARNING:HDLCompiler:634 - "C:\Users\Andres Vargas\Documents\Verilog Projects\microProcessor\microProcessor\topLevelModule.v" Line 25: Net <DataAdr[31]> does not have a driver.

=========================================================================
*                           HDL Synthesis                               *
=========================================================================

Synthesizing Unit <topLevelModule>.
    Related source file is "C:\Users\Andres Vargas\Documents\Verilog Projects\microProcessor\microProcessor\topLevelModule.v".
INFO:Xst:3210 - "C:\Users\Andres Vargas\Documents\Verilog Projects\microProcessor\microProcessor\topLevelModule.v" line 33: Output port <ALUResult> of the instance <uut> is unconnected or connected to loadless signal.
WARNING:Xst:653 - Signal <DataAdr> is used but never assigned. This sourceless signal will be automatically connected to value GND.
    Summary:
	no macro.
Unit <topLevelModule> synthesized.

Synthesizing Unit <Instruction_MEM>.
    Related source file is "C:\Users\Andres Vargas\Documents\Verilog Projects\microProcessor\microProcessor\Instruction_mem.v".
WARNING:Xst:647 - Input <a<1:0>> is never used. This port will be preserved and left unconnected if it belongs to a top-level block or it belongs to a sub-block and the hierarchy of this sub-block is preserved.
WARNING:Xst:647 - Input <a<31:8>> is never used. This port will be preserved and left unconnected if it belongs to a top-level block or it belongs to a sub-block and the hierarchy of this sub-block is preserved.
WARNING:Xst:2999 - Signal 'RAM', unconnected in block 'Instruction_MEM', is tied to its initial value.
    Found 64x32-bit single-port Read Only RAM <Mram_RAM> for signal <RAM>.
    Summary:
	inferred   1 RAM(s).
Unit <Instruction_MEM> synthesized.

Synthesizing Unit <ARM>.
    Related source file is "C:\Users\Andres Vargas\Documents\Verilog Projects\microProcessor\microProcessor\ARM.v".
    Summary:
	no macro.
Unit <ARM> synthesized.

Synthesizing Unit <fullController>.
    Related source file is "C:\Users\Andres Vargas\Documents\Verilog Projects\microProcessor\microProcessor\fullController.v".
WARNING:Xst:647 - Input <Instr<19:16>> is never used. This port will be preserved and left unconnected if it belongs to a top-level block or it belongs to a sub-block and the hierarchy of this sub-block is preserved.
    Summary:
	no macro.
Unit <fullController> synthesized.

Synthesizing Unit <decoder>.
    Related source file is "C:\Users\Andres Vargas\Documents\Verilog Projects\microProcessor\microProcessor\decoder.v".
    Summary:
	no macro.
Unit <decoder> synthesized.

Synthesizing Unit <principalDecoder>.
    Related source file is "C:\Users\Andres Vargas\Documents\Verilog Projects\microProcessor\microProcessor\principalDecoder.v".
WARNING:Xst:737 - Found 1-bit latch for signal <ALUSrc>. Latches may be generated from incomplete case or if statements. We do not recommend the use of latches in FPGA/CPLD designs, as they may lead to timing problems.
WARNING:Xst:737 - Found 1-bit latch for signal <ALUOp>. Latches may be generated from incomplete case or if statements. We do not recommend the use of latches in FPGA/CPLD designs, as they may lead to timing problems.
WARNING:Xst:737 - Found 1-bit latch for signal <RegWR>. Latches may be generated from incomplete case or if statements. We do not recommend the use of latches in FPGA/CPLD designs, as they may lead to timing problems.
WARNING:Xst:737 - Found 1-bit latch for signal <MemWR>. Latches may be generated from incomplete case or if statements. We do not recommend the use of latches in FPGA/CPLD designs, as they may lead to timing problems.
WARNING:Xst:737 - Found 1-bit latch for signal <InmSrc<1>>. Latches may be generated from incomplete case or if statements. We do not recommend the use of latches in FPGA/CPLD designs, as they may lead to timing problems.
WARNING:Xst:737 - Found 1-bit latch for signal <InmSrc<0>>. Latches may be generated from incomplete case or if statements. We do not recommend the use of latches in FPGA/CPLD designs, as they may lead to timing problems.
WARNING:Xst:737 - Found 1-bit latch for signal <RegSrc<1>>. Latches may be generated from incomplete case or if statements. We do not recommend the use of latches in FPGA/CPLD designs, as they may lead to timing problems.
WARNING:Xst:737 - Found 1-bit latch for signal <MemtoReg>. Latches may be generated from incomplete case or if statements. We do not recommend the use of latches in FPGA/CPLD designs, as they may lead to timing problems.
    Summary:
	inferred   8 Latch(s).
	inferred   3 Multiplexer(s).
Unit <principalDecoder> synthesized.

Synthesizing Unit <decode_alu>.
    Related source file is "C:\Users\Andres Vargas\Documents\Verilog Projects\microProcessor\microProcessor\decode_alu.v".
WARNING:Xst:737 - Found 1-bit latch for signal <ALUControl<0>>. Latches may be generated from incomplete case or if statements. We do not recommend the use of latches in FPGA/CPLD designs, as they may lead to timing problems.
WARNING:Xst:737 - Found 1-bit latch for signal <NoWrite>. Latches may be generated from incomplete case or if statements. We do not recommend the use of latches in FPGA/CPLD designs, as they may lead to timing problems.
WARNING:Xst:737 - Found 1-bit latch for signal <ALUControl<1>>. Latches may be generated from incomplete case or if statements. We do not recommend the use of latches in FPGA/CPLD designs, as they may lead to timing problems.
    Summary:
	inferred   3 Latch(s).
	inferred   2 Multiplexer(s).
Unit <decode_alu> synthesized.

Synthesizing Unit <pc_decoder>.
    Related source file is "C:\Users\Andres Vargas\Documents\Verilog Projects\microProcessor\microProcessor\pc_decoder.v".
    Summary:
	no macro.
Unit <pc_decoder> synthesized.

Synthesizing Unit <logicControl>.
    Related source file is "C:\Users\Andres Vargas\Documents\Verilog Projects\microProcessor\microProcessor\logicControl.v".
    Summary:
	no macro.
Unit <logicControl> synthesized.

Synthesizing Unit <flipflopEN>.
    Related source file is "C:\Users\Andres Vargas\Documents\Verilog Projects\microProcessor\microProcessor\flipflopEN.v".
        WIDTH = 2
    Found 2-bit register for signal <q>.
    Summary:
	inferred   2 D-type flip-flop(s).
Unit <flipflopEN> synthesized.

Synthesizing Unit <conditionals>.
    Related source file is "C:\Users\Andres Vargas\Documents\Verilog Projects\microProcessor\microProcessor\conditionals.v".
    Found 1-bit 16-to-1 multiplexer for signal <CondEx> created at line 33.
    Found 1-bit comparator equal for signal <ge> created at line 32
    Summary:
	inferred   1 Comparator(s).
	inferred   1 Multiplexer(s).
Unit <conditionals> synthesized.

Synthesizing Unit <dataPath>.
    Related source file is "C:\Users\Andres Vargas\Documents\Verilog Projects\microProcessor\microProcessor\dataPath.v".
WARNING:Xst:647 - Input <Instr<31:24>> is never used. This port will be preserved and left unconnected if it belongs to a top-level block or it belongs to a sub-block and the hierarchy of this sub-block is preserved.
    Summary:
	no macro.
Unit <dataPath> synthesized.

Synthesizing Unit <Mux_1>.
    Related source file is "C:\Users\Andres Vargas\Documents\Verilog Projects\microProcessor\microProcessor\Mux.v".
        WIDTH = 32
    Summary:
	inferred   1 Multiplexer(s).
Unit <Mux_1> synthesized.

Synthesizing Unit <flipflop>.
    Related source file is "C:\Users\Andres Vargas\Documents\Verilog Projects\microProcessor\microProcessor\flip-flop.v".
        WIDTH = 32
    Found 32-bit register for signal <q>.
    Summary:
	inferred  32 D-type flip-flop(s).
Unit <flipflop> synthesized.

Synthesizing Unit <adder>.
    Related source file is "C:\Users\Andres Vargas\Documents\Verilog Projects\microProcessor\microProcessor\adder.v".
        WIDTH = 32
    Found 32-bit adder for signal <y> created at line 29.
    Summary:
	inferred   1 Adder/Subtractor(s).
Unit <adder> synthesized.

Synthesizing Unit <Mux_2>.
    Related source file is "C:\Users\Andres Vargas\Documents\Verilog Projects\microProcessor\microProcessor\Mux.v".
        WIDTH = 4
    Summary:
	inferred   1 Multiplexer(s).
Unit <Mux_2> synthesized.

Synthesizing Unit <registerFile>.
    Related source file is "C:\Users\Andres Vargas\Documents\Verilog Projects\microProcessor\microProcessor\registerFile.v".
WARNING:Xst:3035 - Index value(s) does not match array range for signal <registers>, simulation mismatch.
    Found 15x32-bit dual-port RAM <Mram_registers> for signal <registers>.
    Summary:
	inferred   2 RAM(s).
	inferred   2 Multiplexer(s).
Unit <registerFile> synthesized.

Synthesizing Unit <InmExtension>.
    Related source file is "C:\Users\Andres Vargas\Documents\Verilog Projects\microProcessor\microProcessor\InmExtension.v".
    Found 32-bit 3-to-1 multiplexer for signal <ExtInm> created at line 29.
    Summary:
	inferred   1 Multiplexer(s).
Unit <InmExtension> synthesized.

Synthesizing Unit <ALU>.
    Related source file is "C:\Users\Andres Vargas\Documents\Verilog Projects\microProcessor\microProcessor\ALU.v".
    Found 33-bit subtractor for signal <GND_32_o_GND_32_o_sub_2_OUT> created at line 50.
    Found 33-bit adder for signal <n0027> created at line 49.
    Found 33-bit 4-to-1 multiplexer for signal <tmp> created at line 48.
    Summary:
	inferred   1 Adder/Subtractor(s).
	inferred   3 Multiplexer(s).
Unit <ALU> synthesized.

Synthesizing Unit <data_mem>.
    Related source file is "C:\Users\Andres Vargas\Documents\Verilog Projects\microProcessor\microProcessor\data_mem.v".
WARNING:Xst:647 - Input <a<1:0>> is never used. This port will be preserved and left unconnected if it belongs to a top-level block or it belongs to a sub-block and the hierarchy of this sub-block is preserved.
WARNING:Xst:647 - Input <a<31:8>> is never used. This port will be preserved and left unconnected if it belongs to a top-level block or it belongs to a sub-block and the hierarchy of this sub-block is preserved.
    Found 64x32-bit single-port RAM <Mram_RAM> for signal <RAM>.
    Summary:
	inferred   1 RAM(s).
Unit <data_mem> synthesized.

=========================================================================
HDL Synthesis Report

Macro Statistics
# RAMs                                                 : 4
 15x32-bit dual-port RAM                               : 2
 64x32-bit single-port RAM                             : 1
 64x32-bit single-port Read Only RAM                   : 1
# Adders/Subtractors                                   : 3
 32-bit adder                                          : 2
 33-bit addsub                                         : 1
# Registers                                            : 3
 2-bit register                                        : 2
 32-bit register                                       : 1
# Latches                                              : 11
 1-bit latch                                           : 11
# Comparators                                          : 1
 1-bit comparator equal                                : 1
# Multiplexers                                         : 17
 1-bit 16-to-1 multiplexer                             : 1
 1-bit 2-to-1 multiplexer                              : 4
 2-bit 2-to-1 multiplexer                              : 2
 32-bit 2-to-1 multiplexer                             : 5
 32-bit 3-to-1 multiplexer                             : 1
 33-bit 2-to-1 multiplexer                             : 2
 4-bit 2-to-1 multiplexer                              : 2

=========================================================================
INFO:Xst:1767 - HDL ADVISOR - Resource sharing has identified that some arithmetic operations in this design can share the same physical resources for reduced device utilization. For improved clock frequency you may try to disable resource sharing.

=========================================================================
*                       Advanced HDL Synthesis                          *
=========================================================================


Synthesizing (advanced) Unit <Instruction_MEM>.
INFO:Xst:3218 - HDL ADVISOR - The RAM <Mram_RAM> will be implemented on LUTs either because you have described an asynchronous read or because of currently unsupported block RAM features. If you have described an asynchronous read, making it synchronous would allow you to take advantage of available block RAM resources, for optimized device usage and improved timings. Please refer to your documentation for coding guidelines.
    -----------------------------------------------------------------------
    | ram_type           | Distributed                         |          |
    -----------------------------------------------------------------------
    | Port A                                                              |
    |     aspect ratio   | 64-word x 32-bit                    |          |
    |     weA            | connected to signal <GND>           | high     |
    |     addrA          | connected to signal <a>             |          |
    |     diA            | connected to signal <GND>           |          |
    |     doA            | connected to internal node          |          |
    -----------------------------------------------------------------------
Unit <Instruction_MEM> synthesized (advanced).

Synthesizing (advanced) Unit <data_mem>.
INFO:Xst:3218 - HDL ADVISOR - The RAM <Mram_RAM> will be implemented on LUTs either because you have described an asynchronous read or because of currently unsupported block RAM features. If you have described an asynchronous read, making it synchronous would allow you to take advantage of available block RAM resources, for optimized device usage and improved timings. Please refer to your documentation for coding guidelines.
    -----------------------------------------------------------------------
    | ram_type           | Distributed                         |          |
    -----------------------------------------------------------------------
    | Port A                                                              |
    |     aspect ratio   | 64-word x 32-bit                    |          |
    |     clkA           | connected to signal <clk>           | rise     |
    |     weA            | connected to signal <we>            | high     |
    |     addrA          | connected to signal <GND>           |          |
    |     diA            | connected to signal <wd>            |          |
    |     doA            | connected to internal node          |          |
    -----------------------------------------------------------------------
Unit <data_mem> synthesized (advanced).

Synthesizing (advanced) Unit <registerFile>.
INFO:Xst:3218 - HDL ADVISOR - The RAM <Mram_registers> will be implemented on LUTs either because you have described an asynchronous read or because of currently unsupported block RAM features. If you have described an asynchronous read, making it synchronous would allow you to take advantage of available block RAM resources, for optimized device usage and improved timings. Please refer to your documentation for coding guidelines.
    -----------------------------------------------------------------------
    | ram_type           | Distributed                         |          |
    -----------------------------------------------------------------------
    | Port A                                                              |
    |     aspect ratio   | 15-word x 32-bit                    |          |
    |     clkA           | connected to signal <clk>           | rise     |
    |     weA            | connected to signal <we3>           | high     |
    |     addrA          | connected to signal <wa3>           |          |
    |     diA            | connected to signal <wd3>           |          |
    -----------------------------------------------------------------------
    | Port B                                                              |
    |     aspect ratio   | 15-word x 32-bit                    |          |
    |     addrB          | connected to signal <ra1>           |          |
    |     doB            | connected to internal node          |          |
    -----------------------------------------------------------------------
INFO:Xst:3218 - HDL ADVISOR - The RAM <Mram_registers1> will be implemented on LUTs either because you have described an asynchronous read or because of currently unsupported block RAM features. If you have described an asynchronous read, making it synchronous would allow you to take advantage of available block RAM resources, for optimized device usage and improved timings. Please refer to your documentation for coding guidelines.
    -----------------------------------------------------------------------
    | ram_type           | Distributed                         |          |
    -----------------------------------------------------------------------
    | Port A                                                              |
    |     aspect ratio   | 15-word x 32-bit                    |          |
    |     clkA           | connected to signal <clk>           | rise     |
    |     weA            | connected to signal <we3>           | high     |
    |     addrA          | connected to signal <wa3>           |          |
    |     diA            | connected to signal <wd3>           |          |
    -----------------------------------------------------------------------
    | Port B                                                              |
    |     aspect ratio   | 15-word x 32-bit                    |          |
    |     addrB          | connected to signal <ra2>           |          |
    |     doB            | connected to internal node          |          |
    -----------------------------------------------------------------------
Unit <registerFile> synthesized (advanced).

=========================================================================
Advanced HDL Synthesis Report

Macro Statistics
# RAMs                                                 : 4
 15x32-bit dual-port distributed RAM                   : 2
 64x32-bit single-port distributed RAM                 : 1
 64x32-bit single-port distributed Read Only RAM       : 1
# Adders/Subtractors                                   : 3
 32-bit adder                                          : 2
 33-bit addsub                                         : 1
# Registers                                            : 36
 Flip-Flops                                            : 36
# Comparators                                          : 1
 1-bit comparator equal                                : 1
# Multiplexers                                         : 16
 1-bit 16-to-1 multiplexer                             : 1
 1-bit 2-to-1 multiplexer                              : 3
 2-bit 2-to-1 multiplexer                              : 2
 32-bit 2-to-1 multiplexer                             : 5
 32-bit 3-to-1 multiplexer                             : 1
 33-bit 2-to-1 multiplexer                             : 2
 4-bit 2-to-1 multiplexer                              : 2

=========================================================================

=========================================================================
*                         Low Level Synthesis                           *
=========================================================================
INFO:Xst:2261 - The FF/Latch <RegSrc_1> in Unit <principalDecoder> is equivalent to the following FF/Latch, which will be removed : <MemWR> 

Optimizing unit <topLevelModule> ...

Optimizing unit <dataPath> ...

Optimizing unit <ALU> ...

Optimizing unit <logicControl> ...

Optimizing unit <conditionals> ...

Optimizing unit <principalDecoder> ...

Optimizing unit <decode_alu> ...
WARNING:Xst:2677 - Node <uut/controller/deco/decoMain/InmSrc_0> of sequential type is unconnected in block <topLevelModule>.

Mapping all equations...
Building and optimizing final netlist ...
Found area constraint ratio of 100 (+ 5) on block topLevelModule, actual ratio is 4.

Final Macro Processing ...

=========================================================================
Final Register Report

Macro Statistics
# Registers                                            : 36
 Flip-Flops                                            : 36

=========================================================================

=========================================================================
*                           Partition Report                            *
=========================================================================

Partition Implementation Status
-------------------------------

  No Partitions were found in this design.

-------------------------------

=========================================================================
*                            Design Summary                             *
=========================================================================

Top Level Output File Name         : topLevelModule.ngc

Primitive and Black Box Usage:
------------------------------
# BELS                             : 552
#      GND                         : 1
#      INV                         : 3
#      LUT1                        : 58
#      LUT2                        : 11
#      LUT3                        : 74
#      LUT4                        : 11
#      LUT5                        : 113
#      LUT6                        : 97
#      MUXCY                       : 90
#      VCC                         : 1
#      XORCY                       : 93
# FlipFlops/Latches                : 45
#      FDC                         : 32
#      FDCE                        : 4
#      LD                          : 6
#      LDC                         : 2
#      LDE                         : 1
# RAMS                             : 46
#      RAM16X1D                    : 4
#      RAM32M                      : 10
#      RAM64X1S                    : 32
# Clock Buffers                    : 1
#      BUFGP                       : 1
# IO Buffers                       : 33
#      IBUF                        : 1
#      OBUF                        : 32

Device utilization summary:
---------------------------

Selected Device : 6slx16csg324-3 


Slice Logic Utilization: 
 Number of Slice Registers:              45  out of  18224     0%  
 Number of Slice LUTs:                  447  out of   9112     4%  
    Number used as Logic:               367  out of   9112     4%  
    Number used as Memory:               80  out of   2176     3%  
       Number used as RAM:               80

Slice Logic Distribution: 
 Number of LUT Flip Flop pairs used:    447
   Number with an unused Flip Flop:     402  out of    447    89%  
   Number with an unused LUT:             0  out of    447     0%  
   Number of fully used LUT-FF pairs:    45  out of    447    10%  
   Number of unique control sets:         7

IO Utilization: 
 Number of IOs:                          34
 Number of bonded IOBs:                  34  out of    232    14%  

Specific Feature Utilization:
 Number of BUFG/BUFGCTRLs:                1  out of     16     6%  

---------------------------
Partition Resource Summary:
---------------------------

  No Partitions were found in this design.

---------------------------


=========================================================================
Timing Report

NOTE: THESE TIMING NUMBERS ARE ONLY A SYNTHESIS ESTIMATE.
      FOR ACCURATE TIMING INFORMATION PLEASE REFER TO THE TRACE REPORT
      GENERATED AFTER PLACE-and-ROUTE.

Clock Information:
------------------
---------------------------------------------------------------------------------+--------------------------------------------------+-------+
Clock Signal                                                                     | Clock buffer(FF name)                            | Load  |
---------------------------------------------------------------------------------+--------------------------------------------------+-------+
clk                                                                              | BUFGP                                            | 82    |
uut/controller/deco/decoMain/_n0033<4>(uut/controller/deco/decoMain/_n0033<4>1:O)| NONE(*)(uut/controller/deco/decoMain/RegSrc_1)   | 5     |
uut/controller/deco/decoMain/_n0033<1>(uut/controller/deco/decoMain/_n0033<1>1:O)| NONE(*)(uut/controller/deco/decoMain/MemtoReg)   | 1     |
uut/controller/deco/aluMain/_n0048(uut/controller/deco/aluMain/out1:O)           | NONE(*)(uut/controller/deco/aluMain/ALUControl_1)| 2     |
uut/controller/deco/decoMain/ALUOp                                               | NONE(uut/controller/deco/aluMain/NoWrite)        | 1     |
---------------------------------------------------------------------------------+--------------------------------------------------+-------+
(*) These 3 clock signal(s) are generated by combinatorial logic,
and XST is not able to identify which are the primary clock signals.
Please use the CLOCK_SIGNAL constraint to specify the clock signal(s) generated by combinatorial logic.
INFO:Xst:2169 - HDL ADVISOR - Some clock signals were not automatically buffered by XST with BUFG/BUFR resources. Please use the buffer_type constraint in order to insert these buffers to the clock signals to help prevent skew problems.

Asynchronous Control Signals Information:
----------------------------------------
No asynchronous control signals found in this design

Timing Summary:
---------------
Speed Grade: -3

   Minimum period: 10.444ns (Maximum Frequency: 95.750MHz)
   Minimum input arrival time before clock: 3.000ns
   Maximum output required time after clock: 4.075ns
   Maximum combinational path delay: No path found

Timing Details:
---------------
All values displayed in nanoseconds (ns)

=========================================================================
Timing constraint: Default period analysis for Clock 'clk'
  Clock period: 10.444ns (frequency: 95.750MHz)
  Total number of paths / destination ports: 895098 / 254
-------------------------------------------------------------------------
Delay:               10.444ns (Levels of Logic = 14)
  Source:            uut/data/ffPc/q_7 (FF)
  Destination:       uut/controller/controller/flagreg1/q_1 (FF)
  Source Clock:      clk rising
  Destination Clock: clk rising

  Data Path: uut/data/ffPc/q_7 to uut/controller/controller/flagreg1/q_1
                                Gate     Net
    Cell:in->out      fanout   Delay   Delay  Logical Name (Net Name)
    ----------------------------------------  ------------
     FDC:C->Q             25   0.447   1.557  uut/data/ffPc/q_7 (uut/data/ffPc/q_7)
     LUT6:I0->O           27   0.203   1.468  imem/Mram_RAM151 (Instr<15>)
     LUT4:I0->O            9   0.203   0.830  uut/data/regFile/ra2[3]_PWR_30_o_equal_6_o<3>_SW0 (N2)
     LUT6:I5->O           14   0.205   0.958  uut/data/regFile/ra2[3]_PWR_30_o_equal_6_o<3>_1 (uut/data/regFile/ra2[3]_PWR_30_o_equal_6_o<3>)
     LUT3:I2->O            2   0.205   0.617  uut/data/regFile/Mmux_rd2301 (WriteData<7>)
     LUT6:I5->O            1   0.205   0.000  uut/data/mainALU/Mmux_tmp1_rs_lut<7> (uut/data/mainALU/Mmux_tmp1_rs_lut<7>)
     MUXCY:S->O            1   0.172   0.000  uut/data/mainALU/Mmux_tmp1_rs_cy<7> (uut/data/mainALU/Mmux_tmp1_rs_cy<7>)
     MUXCY:CI->O           1   0.019   0.000  uut/data/mainALU/Mmux_tmp1_rs_cy<8> (uut/data/mainALU/Mmux_tmp1_rs_cy<8>)
     MUXCY:CI->O           1   0.019   0.000  uut/data/mainALU/Mmux_tmp1_rs_cy<9> (uut/data/mainALU/Mmux_tmp1_rs_cy<9>)
     MUXCY:CI->O           1   0.019   0.000  uut/data/mainALU/Mmux_tmp1_rs_cy<10> (uut/data/mainALU/Mmux_tmp1_rs_cy<10>)
     MUXCY:CI->O           1   0.019   0.000  uut/data/mainALU/Mmux_tmp1_rs_cy<11> (uut/data/mainALU/Mmux_tmp1_rs_cy<11>)
     XORCY:CI->O           1   0.180   0.580  uut/data/mainALU/Mmux_tmp1_rs_xor<12> (uut/data/mainALU/Mmux_tmp1_split<12>)
     LUT6:I5->O            3   0.205   1.015  uut/data/mainALU/Mmux_tmp341 (uut/data/ALUResult<12>)
     LUT6:I0->O            1   0.203   0.808  uut/data/mainALU/Zero<31>2_SW0 (N26)
     LUT6:I3->O            1   0.205   0.000  uut/data/mainALU/Zero<31>7 (uut/ALUFlags<3>)
     FDCE:D                    0.102          uut/controller/controller/flagreg1/q_1
    ----------------------------------------
    Total                     10.444ns (2.611ns logic, 7.833ns route)
                                       (25.0% logic, 75.0% route)

=========================================================================
Timing constraint: Default OFFSET IN BEFORE for Clock 'clk'
  Total number of paths / destination ports: 36 / 36
-------------------------------------------------------------------------
Offset:              3.000ns (Levels of Logic = 1)
  Source:            reset (PAD)
  Destination:       uut/data/ffPc/q_31 (FF)
  Destination Clock: clk rising

  Data Path: reset to uut/data/ffPc/q_31
                                Gate     Net
    Cell:in->out      fanout   Delay   Delay  Logical Name (Net Name)
    ----------------------------------------  ------------
     IBUF:I->O            36   1.222   1.348  reset_IBUF (reset_IBUF)
     FDC:CLR                   0.430          uut/data/ffPc/q_0
    ----------------------------------------
    Total                      3.000ns (1.652ns logic, 1.348ns route)
                                       (55.1% logic, 44.9% route)

=========================================================================
Timing constraint: Default OFFSET OUT AFTER for Clock 'clk'
  Total number of paths / destination ports: 32 / 32
-------------------------------------------------------------------------
Offset:              4.075ns (Levels of Logic = 1)
  Source:            dmem/Mram_RAM32 (RAM)
  Destination:       ReadData<31> (PAD)
  Source Clock:      clk rising

  Data Path: dmem/Mram_RAM32 to ReadData<31>
                                Gate     Net
    Cell:in->out      fanout   Delay   Delay  Logical Name (Net Name)
    ----------------------------------------  ------------
     RAM64X1S:WCLK->O      3   0.854   0.650  dmem/Mram_RAM32 (ReadData_31_OBUF)
     OBUF:I->O                 2.571          ReadData_31_OBUF (ReadData<31>)
    ----------------------------------------
    Total                      4.075ns (3.425ns logic, 0.650ns route)
                                       (84.0% logic, 16.0% route)

=========================================================================

Cross Clock Domains Report:
--------------------------

Clock to Setup on destination clock clk
--------------------------------------+---------+---------+---------+---------+
                                      | Src:Rise| Src:Fall| Src:Rise| Src:Fall|
Source Clock                          |Dest:Rise|Dest:Rise|Dest:Fall|Dest:Fall|
--------------------------------------+---------+---------+---------+---------+
clk                                   |   10.444|         |         |         |
uut/controller/deco/aluMain/_n0048    |         |    7.182|         |         |
uut/controller/deco/decoMain/ALUOp    |         |    2.906|         |         |
uut/controller/deco/decoMain/_n0033<1>|         |    3.491|         |         |
uut/controller/deco/decoMain/_n0033<4>|         |    9.116|         |         |
--------------------------------------+---------+---------+---------+---------+

Clock to Setup on destination clock uut/controller/deco/aluMain/_n0048
--------------------------------------+---------+---------+---------+---------+
                                      | Src:Rise| Src:Fall| Src:Rise| Src:Fall|
Source Clock                          |Dest:Rise|Dest:Rise|Dest:Fall|Dest:Fall|
--------------------------------------+---------+---------+---------+---------+
clk                                   |         |         |    3.664|         |
uut/controller/deco/decoMain/_n0033<4>|         |         |    2.433|         |
--------------------------------------+---------+---------+---------+---------+

Clock to Setup on destination clock uut/controller/deco/decoMain/ALUOp
---------------+---------+---------+---------+---------+
               | Src:Rise| Src:Fall| Src:Rise| Src:Fall|
Source Clock   |Dest:Rise|Dest:Rise|Dest:Fall|Dest:Fall|
---------------+---------+---------+---------+---------+
clk            |         |         |    4.726|         |
---------------+---------+---------+---------+---------+

Clock to Setup on destination clock uut/controller/deco/decoMain/_n0033<1>
---------------+---------+---------+---------+---------+
               | Src:Rise| Src:Fall| Src:Rise| Src:Fall|
Source Clock   |Dest:Rise|Dest:Rise|Dest:Fall|Dest:Fall|
---------------+---------+---------+---------+---------+
clk            |         |         |    3.357|         |
---------------+---------+---------+---------+---------+

Clock to Setup on destination clock uut/controller/deco/decoMain/_n0033<4>
---------------+---------+---------+---------+---------+
               | Src:Rise| Src:Fall| Src:Rise| Src:Fall|
Source Clock   |Dest:Rise|Dest:Rise|Dest:Fall|Dest:Fall|
---------------+---------+---------+---------+---------+
clk            |         |         |    3.479|         |
---------------+---------+---------+---------+---------+

=========================================================================


Total REAL time to Xst completion: 10.00 secs
Total CPU time to Xst completion: 9.96 secs
 
--> 

Total memory usage is 247028 kilobytes

Number of errors   :    0 (   0 filtered)
Number of warnings :   27 (   0 filtered)
Number of infos    :    8 (   0 filtered)

